<?xml version="1.0" encoding="UTF-8"?>
<!-- Generated by org.testng.reporters.JUnitXMLReporter -->
<testsuite ignored="0" hostname="MUTHULAKSHMI" failures="1" tests="4" name="Default test" time="9.016" errors="0" timestamp="2024-12-23T23:12:09 IST">
  <testcase classname="io.cucumber.testng.AbstractTestNGCucumberTests" name="runScenario" time="5.907">
    <failure type="org.junit.ComparisonFailure" message="expected:&amp;lt;Swag Labs[1]&amp;gt; but was:&amp;lt;Swag Labs[]&amp;gt;">
      <![CDATA[org.junit.ComparisonFailure: expected:<Swag Labs[1]> but was:<Swag Labs[]>
at org.junit.Assert.assertEquals(Assert.java:117)
at org.junit.Assert.assertEquals(Assert.java:146)
at parallel.LoginPageStepDefinition.page_title_should_be(LoginPageStepDefinition.java:31)
at ✽.page title should be "Swag Labs1"(file:///C:/My_Projects/CucumberPOM/src/test/resources/Features/LoginPage.feature:6)
]]>
    </failure>
  </testcase> <!-- runScenario -->
  <testcase classname="io.cucumber.testng.AbstractTestNGCucumberTests" name="runScenario" time="6.33"/>
  <testcase classname="io.cucumber.testng.AbstractTestNGCucumberTests" name="runScenario" time="6.349"/>
  <testcase classname="io.cucumber.testng.AbstractTestNGCucumberTests" name="runScenario" time="6.436"/>
</testsuite> <!-- Default test -->
