<?xml version="1.0" encoding="UTF-8"?>
<testng-results ignored="0" total="4" passed="3" failed="1" skipped="0">
  <reporter-output>
  </reporter-output>
  <suite started-at="2024-12-23T23:12:00 IST" name="Default suite" finished-at="2024-12-23T23:12:09 IST" duration-ms="9016">
    <groups>
      <group name="cucumber">
        <method signature="AbstractTestNGCucumberTests.runScenario(io.cucumber.testng.PickleWrapper,io.cucumber.testng.FeatureWrapper)[pri:0, instance:parallel.ParallelRun@51399530]" name="runScenario" class="io.cucumber.testng.AbstractTestNGCucumberTests"/>
      </group> <!-- cucumber -->
    </groups>
    <test started-at="2024-12-23T23:12:00 IST" name="Default test" finished-at="2024-12-23T23:12:09 IST" duration-ms="9016">
      <class name="parallel.ParallelRun">
        <test-method is-config="true" signature="setUpClass(org.testng.ITestContext)[pri:0, instance:parallel.ParallelRun@51399530]" started-at="2024-12-23T23:12:00 IST" name="setUpClass" finished-at="2024-12-23T23:12:00 IST" duration-ms="644" status="PASS">
          <params>
            <param index="0">
              <value>
                <![CDATA[org.testng.TestRunner@6badba10]]>
              </value>
            </param>
          </params>
          <reporter-output>
          </reporter-output>
        </test-method> <!-- setUpClass -->
        <test-method signature="runScenario(io.cucumber.testng.PickleWrapper,io.cucumber.testng.FeatureWrapper)[pri:0, instance:parallel.ParallelRun@51399530]" started-at="2024-12-23T23:12:00 IST" name="runScenario" description="Runs Cucumber Scenarios" data-provider="scenarios" finished-at="2024-12-23T23:12:07 IST" duration-ms="6349" status="PASS">
          <params>
            <param index="0">
              <value>
                <![CDATA["Products page Title"]]>
              </value>
            </param>
            <param index="1">
              <value>
                <![CDATA["Products Page"]]>
              </value>
            </param>
          </params>
          <reporter-output>
          </reporter-output>
        </test-method> <!-- runScenario -->
        <test-method signature="runScenario(io.cucumber.testng.PickleWrapper,io.cucumber.testng.FeatureWrapper)[pri:0, instance:parallel.ParallelRun@51399530]" started-at="2024-12-23T23:12:00 IST" name="runScenario" description="Runs Cucumber Scenarios" data-provider="scenarios" finished-at="2024-12-23T23:12:07 IST" duration-ms="6330" status="PASS">
          <params>
            <param index="0">
              <value>
                <![CDATA["Login with valid credentials"]]>
              </value>
            </param>
            <param index="1">
              <value>
                <![CDATA["Login Page"]]>
              </value>
            </param>
          </params>
          <reporter-output>
          </reporter-output>
        </test-method> <!-- runScenario -->
        <test-method signature="runScenario(io.cucumber.testng.PickleWrapper,io.cucumber.testng.FeatureWrapper)[pri:0, instance:parallel.ParallelRun@51399530]" started-at="2024-12-23T23:12:00 IST" name="runScenario" description="Runs Cucumber Scenarios" data-provider="scenarios" finished-at="2024-12-23T23:12:06 IST" duration-ms="5907" status="FAIL">
          <params>
            <param index="0">
              <value>
                <![CDATA["Login page Title"]]>
              </value>
            </param>
            <param index="1">
              <value>
                <![CDATA["Login Page"]]>
              </value>
            </param>
          </params>
          <exception class="org.junit.ComparisonFailure">
            <message>
              <![CDATA[expected:<Swag Labs[1]> but was:<Swag Labs[]>]]>
            </message>
            <full-stacktrace>
              <![CDATA[org.junit.ComparisonFailure: expected:<Swag Labs[1]> but was:<Swag Labs[]>
at org.junit.Assert.assertEquals(Assert.java:117)
at org.junit.Assert.assertEquals(Assert.java:146)
at parallel.LoginPageStepDefinition.page_title_should_be(LoginPageStepDefinition.java:31)
at ✽.page title should be "Swag Labs1"(file:///C:/My_Projects/CucumberPOM/src/test/resources/Features/LoginPage.feature:6)
]]>
            </full-stacktrace>
          </exception> <!-- org.junit.ComparisonFailure -->
          <reporter-output>
          </reporter-output>
        </test-method> <!-- runScenario -->
        <test-method signature="runScenario(io.cucumber.testng.PickleWrapper,io.cucumber.testng.FeatureWrapper)[pri:0, instance:parallel.ParallelRun@51399530]" started-at="2024-12-23T23:12:00 IST" name="runScenario" description="Runs Cucumber Scenarios" data-provider="scenarios" finished-at="2024-12-23T23:12:07 IST" duration-ms="6436" status="PASS">
          <params>
            <param index="0">
              <value>
                <![CDATA["Login with valid credentials"]]>
              </value>
            </param>
            <param index="1">
              <value>
                <![CDATA["Products Page"]]>
              </value>
            </param>
          </params>
          <reporter-output>
          </reporter-output>
        </test-method> <!-- runScenario -->
        <test-method is-config="true" signature="tearDownClass()[pri:0, instance:parallel.ParallelRun@51399530]" started-at="2024-12-23T23:12:07 IST" name="tearDownClass" finished-at="2024-12-23T23:12:09 IST" duration-ms="1895" status="PASS">
          <reporter-output>
          </reporter-output>
        </test-method> <!-- tearDownClass -->
      </class> <!-- parallel.ParallelRun -->
    </test> <!-- Default test -->
  </suite> <!-- Default suite -->
</testng-results>
