<?xml version="1.0" encoding="UTF-8"?>
<!-- Generated by org.testng.reporters.JUnitReportReporter -->
<testsuite hostname="MUTHULAKSHMI" failures="1" tests="4" name="parallel.ParallelRun" time="25.022" errors="0" timestamp="2024-12-23T23:12:09 IST" skipped="0">
  <testcase classname="parallel.ParallelRun" name="runScenario" time="6.349"/>
  <system-out/>
  <testcase classname="parallel.ParallelRun" name="runScenario" time="6.330"/>
  <system-out/>
  <testcase classname="parallel.ParallelRun" name="runScenario" time="5.907">
    <failure message="expected:&lt;Swag Labs[1]&gt; but was:&lt;Swag Labs[]&gt;" type="org.junit.ComparisonFailure">
      <![CDATA[org.junit.ComparisonFailure: expected:<Swag Labs[1]> but was:<Swag Labs[]>
at org.junit.Assert.assertEquals(Assert.java:117)
at org.junit.Assert.assertEquals(Assert.java:146)
at parallel.LoginPageStepDefinition.page_title_should_be(LoginPageStepDefinition.java:31)
at ✽.page title should be "Swag Labs1"(file:///C:/My_Projects/CucumberPOM/src/test/resources/Features/LoginPage.feature:6)
]]>
    </failure>
  </testcase> <!-- runScenario -->
  <system-out/>
  <testcase classname="parallel.ParallelRun" name="runScenario" time="6.436"/>
  <system-out/>
</testsuite> <!-- parallel.ParallelRun -->
